[2025-02-12T20:08:04.737+0000] {local_task_job_runner.py:123} INFO - ::group::Pre task execution logs
[2025-02-12T20:08:04.752+0000] {taskinstance.py:2614} INFO - Dependencies all met for dep_context=non-requeueable deps ti=<TaskInstance: superstore_dag.run_dbt_dm_superstore_sales_t manual__2025-02-12T20:07:25.572410+00:00 [queued]>
[2025-02-12T20:08:04.760+0000] {taskinstance.py:2614} INFO - Dependencies all met for dep_context=requeueable deps ti=<TaskInstance: superstore_dag.run_dbt_dm_superstore_sales_t manual__2025-02-12T20:07:25.572410+00:00 [queued]>
[2025-02-12T20:08:04.760+0000] {taskinstance.py:2867} INFO - Starting attempt 1 of 1
[2025-02-12T20:08:04.770+0000] {taskinstance.py:2890} INFO - Executing <Task(BashOperator): run_dbt_dm_superstore_sales_t> on 2025-02-12 20:07:25.572410+00:00
[2025-02-12T20:08:04.775+0000] {standard_task_runner.py:72} INFO - Started process 290 to run task
[2025-02-12T20:08:04.777+0000] {standard_task_runner.py:104} INFO - Running: ['***', 'tasks', 'run', 'superstore_dag', 'run_dbt_dm_superstore_sales_t', 'manual__2025-02-12T20:07:25.572410+00:00', '--job-id', '225', '--raw', '--subdir', 'DAGS_FOLDER/superstore_dag.py', '--cfg-path', '/tmp/tmpt_u85ds_']
[2025-02-12T20:08:04.779+0000] {standard_task_runner.py:105} INFO - Job 225: Subtask run_dbt_dm_superstore_sales_t
[2025-02-12T20:08:04.791+0000] {logging_mixin.py:190} WARNING - /home/***/.local/lib/python3.12/site-packages/***/settings.py:209 DeprecationWarning: The sql_alchemy_conn option in [core] has been moved to the sql_alchemy_conn option in [database] - the old setting has been used, but please update your config.
[2025-02-12T20:08:04.818+0000] {task_command.py:467} INFO - Running <TaskInstance: superstore_dag.run_dbt_dm_superstore_sales_t manual__2025-02-12T20:07:25.572410+00:00 [running]> on host e06c424a4719
[2025-02-12T20:08:04.879+0000] {taskinstance.py:3134} INFO - Exporting env vars: AIRFLOW_CTX_DAG_OWNER='***' AIRFLOW_CTX_DAG_ID='superstore_dag' AIRFLOW_CTX_TASK_ID='run_dbt_dm_superstore_sales_t' AIRFLOW_CTX_EXECUTION_DATE='2025-02-12T20:07:25.572410+00:00' AIRFLOW_CTX_TRY_NUMBER='1' AIRFLOW_CTX_DAG_RUN_ID='manual__2025-02-12T20:07:25.572410+00:00'
[2025-02-12T20:08:04.880+0000] {taskinstance.py:732} INFO - ::endgroup::
[2025-02-12T20:08:04.890+0000] {subprocess.py:78} INFO - Tmp dir root location: /tmp
[2025-02-12T20:08:04.891+0000] {subprocess.py:88} INFO - Running command: ['/usr/bin/bash', '-c', 'cd /dbt/superstore/ && dbt run --select superstore_sales_t']
[2025-02-12T20:08:04.899+0000] {subprocess.py:99} INFO - Output:
[2025-02-12T20:08:06.600+0000] {subprocess.py:106} INFO - [0m20:08:06  Running with dbt=1.9.2
[2025-02-12T20:08:06.837+0000] {subprocess.py:106} INFO - [0m20:08:06  Registered adapter: postgres=1.9.0
[2025-02-12T20:08:07.286+0000] {subprocess.py:106} INFO - [0m20:08:07  Found 6 models, 10 data tests, 1 source, 433 macros
[2025-02-12T20:08:07.289+0000] {subprocess.py:106} INFO - [0m20:08:07
[2025-02-12T20:08:07.289+0000] {subprocess.py:106} INFO - [0m20:08:07  Concurrency: 1 threads (target='prod')
[2025-02-12T20:08:07.290+0000] {subprocess.py:106} INFO - [0m20:08:07
[2025-02-12T20:08:07.374+0000] {subprocess.py:106} INFO - [0m20:08:07  1 of 1 START sql incremental model core.superstore_sales_t ..................... [RUN]
[2025-02-12T20:08:07.471+0000] {subprocess.py:106} INFO - [0m20:08:07  1 of 1 ERROR creating sql incremental model core.superstore_sales_t ............ [[31mERROR[0m in 0.09s]
[2025-02-12T20:08:07.482+0000] {subprocess.py:106} INFO - [0m20:08:07
[2025-02-12T20:08:07.482+0000] {subprocess.py:106} INFO - [0m20:08:07  Finished running 1 incremental model in 0 hours 0 minutes and 0.19 seconds (0.19s).
[2025-02-12T20:08:07.532+0000] {subprocess.py:106} INFO - [0m20:08:07
[2025-02-12T20:08:07.532+0000] {subprocess.py:106} INFO - [0m20:08:07  [31mCompleted with 1 error, 0 partial successes, and 0 warnings:[0m
[2025-02-12T20:08:07.533+0000] {subprocess.py:106} INFO - [0m20:08:07
[2025-02-12T20:08:07.533+0000] {subprocess.py:106} INFO - [0m20:08:07    Database Error in model superstore_sales_t (models/example/superstore_sales_t.sql)
[2025-02-12T20:08:07.534+0000] {subprocess.py:106} INFO -   relation "dim_product" does not exist
[2025-02-12T20:08:07.534+0000] {subprocess.py:106} INFO -   LINE 45: left join dim_product dp
[2025-02-12T20:08:07.534+0000] {subprocess.py:106} INFO -                      ^
[2025-02-12T20:08:07.534+0000] {subprocess.py:106} INFO -   compiled code at target/run/superstore_project/models/example/superstore_sales_t.sql
[2025-02-12T20:08:07.535+0000] {subprocess.py:106} INFO - [0m20:08:07
[2025-02-12T20:08:07.535+0000] {subprocess.py:106} INFO - [0m20:08:07  Done. PASS=0 WARN=0 ERROR=1 SKIP=0 TOTAL=1
[2025-02-12T20:08:08.390+0000] {subprocess.py:110} INFO - Command exited with return code 1
[2025-02-12T20:08:08.399+0000] {taskinstance.py:3313} ERROR - Task failed with exception
Traceback (most recent call last):
  File "/home/airflow/.local/lib/python3.12/site-packages/airflow/models/taskinstance.py", line 768, in _execute_task
    result = _execute_callable(context=context, **execute_callable_kwargs)
             ^^^^^^^^^^^^^^^^^^^^^^^^^^^^^^^^^^^^^^^^^^^^^^^^^^^^^^^^^^^^^
  File "/home/airflow/.local/lib/python3.12/site-packages/airflow/models/taskinstance.py", line 734, in _execute_callable
    return ExecutionCallableRunner(
           ^^^^^^^^^^^^^^^^^^^^^^^^
  File "/home/airflow/.local/lib/python3.12/site-packages/airflow/utils/operator_helpers.py", line 252, in run
    return self.func(*args, **kwargs)
           ^^^^^^^^^^^^^^^^^^^^^^^^^^
  File "/home/airflow/.local/lib/python3.12/site-packages/airflow/models/baseoperator.py", line 424, in wrapper
    return func(self, *args, **kwargs)
           ^^^^^^^^^^^^^^^^^^^^^^^^^^^
  File "/home/airflow/.local/lib/python3.12/site-packages/airflow/operators/bash.py", line 276, in execute
    raise AirflowException(
airflow.exceptions.AirflowException: Bash command failed. The command returned a non-zero exit code 1.
[2025-02-12T20:08:08.403+0000] {taskinstance.py:1226} INFO - Marking task as FAILED. dag_id=superstore_dag, task_id=run_dbt_dm_superstore_sales_t, run_id=manual__2025-02-12T20:07:25.572410+00:00, execution_date=20250212T200725, start_date=20250212T200804, end_date=20250212T200808
[2025-02-12T20:08:08.424+0000] {taskinstance.py:341} INFO - ::group::Post task execution logs
[2025-02-12T20:08:08.425+0000] {standard_task_runner.py:124} ERROR - Failed to execute job 225 for task run_dbt_dm_superstore_sales_t (Bash command failed. The command returned a non-zero exit code 1.; 290)
Traceback (most recent call last):
  File "/home/airflow/.local/lib/python3.12/site-packages/airflow/task/task_runner/standard_task_runner.py", line 117, in _start_by_fork
    ret = args.func(args, dag=self.dag)
          ^^^^^^^^^^^^^^^^^^^^^^^^^^^^^
  File "/home/airflow/.local/lib/python3.12/site-packages/airflow/cli/cli_config.py", line 49, in command
    return func(*args, **kwargs)
           ^^^^^^^^^^^^^^^^^^^^^
  File "/home/airflow/.local/lib/python3.12/site-packages/airflow/utils/cli.py", line 116, in wrapper
    return f(*args, **kwargs)
           ^^^^^^^^^^^^^^^^^^
  File "/home/airflow/.local/lib/python3.12/site-packages/airflow/cli/commands/task_command.py", line 483, in task_run
    task_return_code = _run_task_by_selected_method(args, _dag, ti)
                       ^^^^^^^^^^^^^^^^^^^^^^^^^^^^^^^^^^^^^^^^^^^^
  File "/home/airflow/.local/lib/python3.12/site-packages/airflow/cli/commands/task_command.py", line 256, in _run_task_by_selected_method
    return _run_raw_task(args, ti)
           ^^^^^^^^^^^^^^^^^^^^^^^
  File "/home/airflow/.local/lib/python3.12/site-packages/airflow/cli/commands/task_command.py", line 341, in _run_raw_task
    return ti._run_raw_task(
           ^^^^^^^^^^^^^^^^^
  File "/home/airflow/.local/lib/python3.12/site-packages/airflow/utils/session.py", line 97, in wrapper
    return func(*args, session=session, **kwargs)
           ^^^^^^^^^^^^^^^^^^^^^^^^^^^^^^^^^^^^^^
  File "/home/airflow/.local/lib/python3.12/site-packages/airflow/models/taskinstance.py", line 3006, in _run_raw_task
    return _run_raw_task(
           ^^^^^^^^^^^^^^
  File "/home/airflow/.local/lib/python3.12/site-packages/airflow/models/taskinstance.py", line 274, in _run_raw_task
    TaskInstance._execute_task_with_callbacks(
  File "/home/airflow/.local/lib/python3.12/site-packages/airflow/models/taskinstance.py", line 3161, in _execute_task_with_callbacks
    result = self._execute_task(context, task_orig)
             ^^^^^^^^^^^^^^^^^^^^^^^^^^^^^^^^^^^^^^
  File "/home/airflow/.local/lib/python3.12/site-packages/airflow/models/taskinstance.py", line 3185, in _execute_task
    return _execute_task(self, context, task_orig)
           ^^^^^^^^^^^^^^^^^^^^^^^^^^^^^^^^^^^^^^^
  File "/home/airflow/.local/lib/python3.12/site-packages/airflow/models/taskinstance.py", line 768, in _execute_task
    result = _execute_callable(context=context, **execute_callable_kwargs)
             ^^^^^^^^^^^^^^^^^^^^^^^^^^^^^^^^^^^^^^^^^^^^^^^^^^^^^^^^^^^^^
  File "/home/airflow/.local/lib/python3.12/site-packages/airflow/models/taskinstance.py", line 734, in _execute_callable
    return ExecutionCallableRunner(
           ^^^^^^^^^^^^^^^^^^^^^^^^
  File "/home/airflow/.local/lib/python3.12/site-packages/airflow/utils/operator_helpers.py", line 252, in run
    return self.func(*args, **kwargs)
           ^^^^^^^^^^^^^^^^^^^^^^^^^^
  File "/home/airflow/.local/lib/python3.12/site-packages/airflow/models/baseoperator.py", line 424, in wrapper
    return func(self, *args, **kwargs)
           ^^^^^^^^^^^^^^^^^^^^^^^^^^^
  File "/home/airflow/.local/lib/python3.12/site-packages/airflow/operators/bash.py", line 276, in execute
    raise AirflowException(
airflow.exceptions.AirflowException: Bash command failed. The command returned a non-zero exit code 1.
[2025-02-12T20:08:08.439+0000] {local_task_job_runner.py:266} INFO - Task exited with return code 1
[2025-02-12T20:08:08.451+0000] {taskinstance.py:3901} INFO - 0 downstream tasks scheduled from follow-on schedule check
[2025-02-12T20:08:08.453+0000] {local_task_job_runner.py:245} INFO - ::endgroup::
